Team bob: OK (P2)
Give Batteries to Alice: OK (P1)
Move n: OK (P1)
Move n: OK (P1)
Move e: OK (P1)
Move n: OK (P1)
Inspect Old Generator: OK (P1)
Move w: OK (P1)
Inspect Tool box: OK (P1)
Take wrench: OK (P1)
Move e: OK (P1)
Inspect Generator: OK (P1)
Move s: OK (P1)
turn: OK (P2)
Move n: OK (P2)
Move n: OK (P2)
Move e: OK (P2)
Move w: OK (P2)
Move s: OK (P2)
Take KitchenKnife: OK (P2)
Move n: OK (P2)
Move e: OK (P2)
Attack Ghost: OK (P2)
Attack Ghost: OK (P2)
Attack Ghost: OK (P2)
Move u: OK (P2)
turn: OK (P1)
Move u: OK (P1)
Move s: OK (P1)
Move s: OK (P1)
Move n: OK (P1)
Move n: OK (P1)
Take Backpack: ERROR (P1)
Drop wrench: OK (P1)
Take Backpack: OK (P1)
Take wrench: OK (P1)
Move s: OK (P1)
Move s: OK (P1)
Move s: OK (P1)
Inspect MedKit: OK (P1)
Take Medicine: OK (P1)
Use Band-aids: OK (P1)
turn: OK (P2)
Move s: OK (P2)
Move s: OK (P2)
Move e: OK (P2)
Move w: OK (P2)
Move s: OK (P2)
Move n: OK (P2)
Move n: OK (P2)
Take DinosaurLeg: OK (P2)
Move s: OK (P2)
Move e: OK (P2)
Recruit Dinosaur: OK (P2)
Move w: OK (P2)
Move n: OK (P2)
turn: OK (P1)
Move n: OK (P1)
Move n: OK (P1)
Move u: OK (P1)
turn: OK (P2)
Move u: OK (P2)
Take WaterGun: OK (P2)
Attack Robocop: OK (P2)
Attack Robocop: OK (P2)
Attack Robocop: OK (P2)
Attack Robocop: OK (P2)
Attack Robocop: OK (P2)
Take Key: OK (P2)
Open HiddenRoomToTreasureRoom with Key: OK (P2)
Move n: OK (P2)
turn: OK (P1)
Move n: OK (P1)
Inspect WrappedGift: OK (P1)
Take FamilyPicture: OK (P1)
Exit: OK (P1)
